In file included from ../../nan/nan.h:184:0,
                 from ../src/unix/pty.cc:20:
../../nan/nan_maybe_43_inl.h: In function 'Nan::Maybe<bool> Nan::ForceSet(v8::Local<v8::Object>, v8::Local<v8::Value>, v8::Local<v8::Value>, v8::PropertyAttribute)':
../../nan/nan_maybe_43_inl.h:89:64: warning: 'v8::Maybe<bool> v8::Object::ForceSet(v8::Local<v8::Context>, v8::Local<v8::Value>, v8::Local<v8::Value>, v8::PropertyAttribute)' is deprecated (declared at /Users/travis/.atom/.node-gyp/.node-gyp/0.37.8/deps/v8/include/v8.h:2681): Use CreateDataProperty / DefineOwnProperty [-Wdeprecated-declarations]
   return obj->ForceSet(GetCurrentContext(), key, value, attribs);
                                                                ^
../../nan/nan_maybe_43_inl.h: In function 'Nan::MaybeLocal<v8::Object> Nan::CloneElementAt(v8::Local<v8::Array>, uint32_t)':
../../nan/nan_maybe_43_inl.h:221:58: warning: 'v8::MaybeLocal<v8::Object> v8::Array::CloneElementAt(v8::Local<v8::Context>, uint32_t)' is deprecated (declared at /Users/travis/.atom/.node-gyp/.node-gyp/0.37.8/deps/v8/include/v8.h:3010): Cloning is not supported. [-Wdeprecated-declarations]
   return array->CloneElementAt(GetCurrentContext(), index);
                                                          ^
In file included from ../../nan/nan_new.h:189:0,
                 from ../../nan/nan.h:190,
                 from ../src/unix/pty.cc:20:
../../nan/nan_implementation_12_inl.h: In static member function 'static Nan::imp::FactoryBase<v8::BooleanObject>::return_t Nan::imp::Factory<v8::BooleanObject>::New(bool)':
../../nan/nan_implementation_12_inl.h:40:38: warning: 'static v8::Local<v8::Value> v8::BooleanObject::New(bool)' is deprecated (declared at /Users/travis/.atom/.node-gyp/.node-gyp/0.37.8/deps/v8/include/v8.h:3972): Pass an isolate [-Wdeprecated-declarations]
   return v8::BooleanObject::New(value).As<v8::BooleanObject>();
                                      ^
In file included from ../src/unix/pty.cc:20:0:
../../nan/nan.h: At global scope:
../../nan/nan.h:592:20: error: variable or field 'AddGCEpilogueCallback' declared void
       v8::Isolate::GCEpilogueCallback callback
                    ^
../../nan/nan.h:592:7: error: 'GCEpilogueCallback' is not a member of 'v8::Isolate'
       v8::Isolate::GCEpilogueCallback callback
       ^
../../nan/nan.h:593:18: error: expected primary-expression before 'gc_type_filter'
     , v8::GCType gc_type_filter = v8::kGCTypeAll) {
                  ^
../../nan/nan.h:598:20: error: variable or field 'RemoveGCEpilogueCallback' declared void
       v8::Isolate::GCEpilogueCallback callback) {
                    ^
../../nan/nan.h:598:7: error: 'GCEpilogueCallback' is not a member of 'v8::Isolate'
       v8::Isolate::GCEpilogueCallback callback) {
       ^
../../nan/nan.h:603:20: error: variable or field 'AddGCPrologueCallback' declared void
       v8::Isolate::GCPrologueCallback callback
                    ^
../../nan/nan.h:603:7: error: 'GCPrologueCallback' is not a member of 'v8::Isolate'
       v8::Isolate::GCPrologueCallback callback
       ^
../../nan/nan.h:604:18: error: expected primary-expression before 'gc_type_filter'
     , v8::GCType gc_type_filter = v8::kGCTypeAll) {
                  ^
../../nan/nan.h:609:20: error: variable or field 'RemoveGCPrologueCallback' declared void
       v8::Isolate::GCPrologueCallback callback) {
                    ^
../../nan/nan.h:609:7: error: 'GCPrologueCallback' is not a member of 'v8::Isolate'
       v8::Isolate::GCPrologueCallback callback) {
       ^
../../nan/nan.h: In function 'bool Nan::SetAccessor(v8::Local<v8::Object>, v8::Local<v8::String>, Nan::GetterCallback, Nan::SetterCallback, v8::Local<v8::Value>, v8::AccessControl, v8::PropertyAttribute)':
../../nan/nan.h:1939:16: warning: 'bool v8::Object::SetAccessor(v8::Local<v8::Name>, v8::AccessorNameGetterCallback, v8::AccessorNameSetterCallback, v8::Local<v8::Value>, v8::AccessControl, v8::PropertyAttribute)' is deprecated (declared at /Users/travis/.atom/.node-gyp/.node-gyp/0.37.8/deps/v8/include/v8.h:2734): Use maybe version [-Wdeprecated-declarations]
     , attribute);
                ^
make: *** [Release/obj.target/pty/src/unix/pty.o] Error 1
gyp ERR! build error 
gyp ERR! stack Error: `make` failed with exit code: 2
gyp ERR! stack     at ChildProcess.onExit (/Users/travis/build/ProgramFan/atom-config/atom/Atom.app/Contents/Resources/app/apm/node_modules/node-gyp/lib/build.js:276:23)
gyp ERR! stack     at emitTwo (events.js:87:13)
gyp ERR! stack     at ChildProcess.emit (events.js:172:7)
gyp ERR! stack     at Process.ChildProcess._handle.onexit (internal/child_process.js:200:12)
gyp ERR! System Darwin 13.4.0
gyp ERR! command "/Users/travis/build/ProgramFan/atom-config/atom/Atom.app/Contents/Resources/app/apm/bin/node" "/Users/travis/build/ProgramFan/atom-config/atom/Atom.app/Contents/Resources/app/apm/node_modules/.bin/node-gyp" "rebuild"
gyp ERR! cwd /private/var/folders/gw/_2jq29095y7b__wtby9dg_5h0000gn/T/apm-install-dir-116821-2832-k6ufz6/node_modules/terminal-plus/node_modules/pty.js
gyp ERR! node -v v4.4.5
gyp ERR! node-gyp -v v3.4.0
gyp ERR! not ok 
